<?xml version="1.0" encoding="UTF-8"?>
<coverage generated="1525649877429" clover="3.2.0">
  <project timestamp="1525649877430" name="All files">
    <metrics statements="53" coveredstatements="32" conditionals="23" coveredconditionals="6" methods="24" coveredmethods="11" elements="100" coveredelements="49" complexity="0" loc="53" ncloc="53" packages="4" files="6" classes="6">
      <package name="__test__">
        <metrics statements="1" coveredstatements="1" conditionals="0" coveredconditionals="0" methods="0" coveredmethods="0"/>
        <file name="setupTests.js" path="C:\Users\WallEBot\Desktop\Dev\projects\CryptoCurrencyTrader\__test__\setupTests.js">
          <metrics statements="1" coveredstatements="1" conditionals="0" coveredconditionals="0" methods="0" coveredmethods="0"/>
          <line num="4" count="3" type="stmt"/>
        </file>
      </package>
      <package name="src.actions">
        <metrics statements="13" coveredstatements="7" conditionals="2" coveredconditionals="0" methods="8" coveredmethods="1"/>
        <file name="index.js" path="C:\Users\WallEBot\Desktop\Dev\projects\CryptoCurrencyTrader\src\actions\index.js">
          <metrics statements="13" coveredstatements="7" conditionals="2" coveredconditionals="0" methods="8" coveredmethods="1"/>
          <line num="1" count="3" type="stmt"/>
          <line num="2" count="3" type="stmt"/>
          <line num="8" count="3" type="stmt"/>
          <line num="9" count="3" type="stmt"/>
          <line num="14" count="3" type="stmt"/>
          <line num="15" count="3" type="stmt"/>
          <line num="20" count="3" type="stmt"/>
          <line num="21" count="0" type="stmt"/>
          <line num="25" count="0" type="stmt"/>
          <line num="28" count="0" type="cond" truecount="0" falsecount="2"/>
          <line num="29" count="0" type="stmt"/>
          <line num="31" count="0" type="stmt"/>
          <line num="35" count="0" type="stmt"/>
        </file>
      </package>
      <package name="src.components">
        <metrics statements="31" coveredstatements="19" conditionals="16" coveredconditionals="5" methods="15" coveredmethods="9"/>
        <file name="account-balance.js" path="C:\Users\WallEBot\Desktop\Dev\projects\CryptoCurrencyTrader\src\components\account-balance.js">
          <metrics statements="8" coveredstatements="7" conditionals="2" coveredconditionals="1" methods="3" coveredmethods="3"/>
          <line num="10" count="11" type="stmt"/>
          <line num="12" count="11" type="stmt"/>
          <line num="13" count="22" type="stmt"/>
          <line num="14" count="22" type="cond" truecount="1" falsecount="1"/>
          <line num="15" count="0" type="stmt"/>
          <line num="17" count="22" type="stmt"/>
          <line num="25" count="11" type="stmt"/>
          <line num="36" count="12" type="stmt"/>
        </file>
        <file name="crypto-currency-trader.js" path="C:\Users\WallEBot\Desktop\Dev\projects\CryptoCurrencyTrader\src\components\crypto-currency-trader.js">
          <metrics statements="6" coveredstatements="4" conditionals="0" coveredconditionals="0" methods="5" coveredmethods="3"/>
          <line num="16" count="5" type="stmt"/>
          <line num="17" count="0" type="stmt"/>
          <line num="22" count="0" type="stmt"/>
          <line num="26" count="5" type="stmt"/>
          <line num="27" count="5" type="stmt"/>
          <line num="37" count="6" type="stmt"/>
        </file>
        <file name="trade-form.js" path="C:\Users\WallEBot\Desktop\Dev\projects\CryptoCurrencyTrader\src\components\trade-form.js">
          <metrics statements="17" coveredstatements="8" conditionals="14" coveredconditionals="4" methods="7" coveredmethods="3"/>
          <line num="9" count="8" type="stmt"/>
          <line num="11" count="8" type="stmt"/>
          <line num="17" count="0" type="stmt"/>
          <line num="23" count="0" type="stmt"/>
          <line num="24" count="0" type="stmt"/>
          <line num="25" count="0" type="stmt"/>
          <line num="26" count="0" type="cond" truecount="0" falsecount="7"/>
          <line num="31" count="0" type="stmt"/>
          <line num="34" count="0" type="stmt"/>
          <line num="39" count="8" type="stmt"/>
          <line num="40" count="8" type="stmt"/>
          <line num="41" count="8" type="cond" truecount="2" falsecount="3"/>
          <line num="44" count="8" type="cond" truecount="2" falsecount="0"/>
          <line num="48" count="8" type="stmt"/>
          <line num="49" count="0" type="stmt"/>
          <line num="64" count="0" type="stmt"/>
          <line num="94" count="9" type="stmt"/>
        </file>
      </package>
      <package name="src.reducers">
        <metrics statements="8" coveredstatements="5" conditionals="5" coveredconditionals="1" methods="1" coveredmethods="1"/>
        <file name="index.js" path="C:\Users\WallEBot\Desktop\Dev\projects\CryptoCurrencyTrader\src\reducers\index.js">
          <metrics statements="8" coveredstatements="5" conditionals="5" coveredconditionals="1" methods="1" coveredmethods="1"/>
          <line num="3" count="3" type="stmt"/>
          <line num="13" count="1" type="cond" truecount="1" falsecount="3"/>
          <line num="15" count="0" type="stmt"/>
          <line num="19" count="0" type="stmt"/>
          <line num="23" count="1" type="stmt"/>
          <line num="24" count="1" type="stmt"/>
          <line num="25" count="1" type="stmt"/>
          <line num="32" count="0" type="stmt"/>
        </file>
      </package>
    </metrics>
  </project>
</coverage>
