{"C:\\Users\\WallEBot\\Desktop\\Dev\\projects\\CryptoCurrencyTrader\\__test__\\setupTests.js": {"path":"C:\\Users\\WallEBot\\Desktop\\Dev\\projects\\CryptoCurrencyTrader\\__test__\\setupTests.js","statementMap":{"0":{"start":{"line":4,"column":0},"end":{"line":4,"column":43}}},"fnMap":{},"branchMap":{},"s":{"0":3},"f":{},"b":{},"_coverageSchema":"332fd63041d2c1bcb487cc26dd0d5f7d97098a6c","hash":"def1118e33f13e3b087d6d86ff4f4370af8225d2"}
,"C:\\Users\\WallEBot\\Desktop\\Dev\\projects\\CryptoCurrencyTrader\\src\\actions\\index.js": {"path":"C:\\Users\\WallEBot\\Desktop\\Dev\\projects\\CryptoCurrencyTrader\\src\\actions\\index.js","statementMap":{"0":{"start":{"line":1,"column":28},"end":{"line":1,"column":42}},"1":{"start":{"line":2,"column":27},"end":{"line":6,"column":2}},"2":{"start":{"line":2,"column":54},"end":{"line":6,"column":1}},"3":{"start":{"line":8,"column":34},"end":{"line":8,"column":46}},"4":{"start":{"line":9,"column":32},"end":{"line":12,"column":2}},"5":{"start":{"line":9,"column":41},"end":{"line":12,"column":1}},"6":{"start":{"line":14,"column":32},"end":{"line":14,"column":50}},"7":{"start":{"line":15,"column":30},"end":{"line":18,"column":2}},"8":{"start":{"line":15,"column":40},"end":{"line":18,"column":1}},"9":{"start":{"line":20,"column":25},"end":{"line":37,"column":1}},"10":{"start":{"line":20,"column":31},"end":{"line":37,"column":1}},"11":{"start":{"line":21,"column":1},"end":{"line":36,"column":3}},"12":{"start":{"line":25,"column":2},"end":{"line":25,"column":20}},"13":{"start":{"line":28,"column":2},"end":{"line":32,"column":3}},"14":{"start":{"line":29,"column":3},"end":{"line":29,"column":43}},"15":{"start":{"line":31,"column":3},"end":{"line":31,"column":50}},"16":{"start":{"line":35,"column":2},"end":{"line":35,"column":32}}},"fnMap":{"0":{"name":"(anonymous_0)","decl":{"start":{"line":2,"column":27},"end":{"line":2,"column":28}},"loc":{"start":{"line":2,"column":54},"end":{"line":6,"column":1}},"line":2},"1":{"name":"(anonymous_1)","decl":{"start":{"line":9,"column":32},"end":{"line":9,"column":33}},"loc":{"start":{"line":9,"column":41},"end":{"line":12,"column":1}},"line":9},"2":{"name":"(anonymous_2)","decl":{"start":{"line":15,"column":30},"end":{"line":15,"column":31}},"loc":{"start":{"line":15,"column":40},"end":{"line":18,"column":1}},"line":15},"3":{"name":"(anonymous_3)","decl":{"start":{"line":20,"column":25},"end":{"line":20,"column":26}},"loc":{"start":{"line":20,"column":31},"end":{"line":37,"column":1}},"line":20},"4":{"name":"(anonymous_4)","decl":{"start":{"line":20,"column":31},"end":{"line":20,"column":32}},"loc":{"start":{"line":20,"column":43},"end":{"line":37,"column":1}},"line":20},"5":{"name":"(anonymous_5)","decl":{"start":{"line":24,"column":7},"end":{"line":24,"column":8}},"loc":{"start":{"line":24,"column":14},"end":{"line":26,"column":2}},"line":24},"6":{"name":"(anonymous_6)","decl":{"start":{"line":27,"column":7},"end":{"line":27,"column":8}},"loc":{"start":{"line":27,"column":15},"end":{"line":33,"column":2}},"line":27},"7":{"name":"(anonymous_7)","decl":{"start":{"line":34,"column":8},"end":{"line":34,"column":9}},"loc":{"start":{"line":34,"column":15},"end":{"line":36,"column":2}},"line":34}},"branchMap":{"0":{"loc":{"start":{"line":28,"column":2},"end":{"line":32,"column":3}},"type":"if","locations":[{"start":{"line":28,"column":2},"end":{"line":32,"column":3}},{"start":{"line":28,"column":2},"end":{"line":32,"column":3}}],"line":28}},"s":{"0":3,"1":3,"2":2,"3":3,"4":3,"5":0,"6":3,"7":3,"8":0,"9":3,"10":0,"11":0,"12":0,"13":0,"14":0,"15":0,"16":0},"f":{"0":2,"1":0,"2":0,"3":0,"4":0,"5":0,"6":0,"7":0},"b":{"0":[0,0]},"_coverageSchema":"332fd63041d2c1bcb487cc26dd0d5f7d97098a6c","hash":"3aa85fbe6b7a83857eae89462baf62a497f56a67"}
,"C:\\Users\\WallEBot\\Desktop\\Dev\\projects\\CryptoCurrencyTrader\\src\\components\\account-balance.js": {"path":"C:\\Users\\WallEBot\\Desktop\\Dev\\projects\\CryptoCurrencyTrader\\src\\components\\account-balance.js","statementMap":{"0":{"start":{"line":10,"column":19},"end":{"line":10,"column":38}},"1":{"start":{"line":12,"column":26},"end":{"line":23,"column":4}},"2":{"start":{"line":13,"column":18},"end":{"line":13,"column":32}},"3":{"start":{"line":14,"column":3},"end":{"line":16,"column":4}},"4":{"start":{"line":15,"column":4},"end":{"line":15,"column":47}},"5":{"start":{"line":17,"column":3},"end":{"line":22,"column":4}},"6":{"start":{"line":25,"column":2},"end":{"line":32,"column":3}},"7":{"start":{"line":36,"column":24},"end":{"line":38,"column":2}},"8":{"start":{"line":36,"column":34},"end":{"line":38,"column":1}}},"fnMap":{"0":{"name":"(anonymous_0)","decl":{"start":{"line":9,"column":1},"end":{"line":9,"column":2}},"loc":{"start":{"line":9,"column":10},"end":{"line":33,"column":2}},"line":9},"1":{"name":"(anonymous_1)","decl":{"start":{"line":12,"column":52},"end":{"line":12,"column":53}},"loc":{"start":{"line":12,"column":66},"end":{"line":23,"column":3}},"line":12},"2":{"name":"(anonymous_2)","decl":{"start":{"line":36,"column":24},"end":{"line":36,"column":25}},"loc":{"start":{"line":36,"column":34},"end":{"line":38,"column":1}},"line":36}},"branchMap":{"0":{"loc":{"start":{"line":14,"column":3},"end":{"line":16,"column":4}},"type":"if","locations":[{"start":{"line":14,"column":3},"end":{"line":16,"column":4}},{"start":{"line":14,"column":3},"end":{"line":16,"column":4}}],"line":14}},"s":{"0":11,"1":11,"2":22,"3":22,"4":0,"5":22,"6":11,"7":2,"8":12},"f":{"0":11,"1":22,"2":12},"b":{"0":[0,22]},"_coverageSchema":"332fd63041d2c1bcb487cc26dd0d5f7d97098a6c","hash":"ac14df6ca20d38a5ba4504b6f7be08f080e48080"}
,"C:\\Users\\WallEBot\\Desktop\\Dev\\projects\\CryptoCurrencyTrader\\src\\components\\crypto-currency-trader.js": {"path":"C:\\Users\\WallEBot\\Desktop\\Dev\\projects\\CryptoCurrencyTrader\\src\\components\\crypto-currency-trader.js","statementMap":{"0":{"start":{"line":16,"column":2},"end":{"line":18,"column":12}},"1":{"start":{"line":17,"column":3},"end":{"line":17,"column":35}},"2":{"start":{"line":22,"column":2},"end":{"line":22,"column":31}},"3":{"start":{"line":26,"column":2},"end":{"line":26,"column":46}},"4":{"start":{"line":27,"column":2},"end":{"line":32,"column":4}},"5":{"start":{"line":37,"column":24},"end":{"line":39,"column":2}},"6":{"start":{"line":37,"column":34},"end":{"line":39,"column":1}}},"fnMap":{"0":{"name":"(anonymous_0)","decl":{"start":{"line":11,"column":1},"end":{"line":11,"column":2}},"loc":{"start":{"line":11,"column":21},"end":{"line":19,"column":2}},"line":11},"1":{"name":"(anonymous_1)","decl":{"start":{"line":16,"column":14},"end":{"line":16,"column":15}},"loc":{"start":{"line":16,"column":20},"end":{"line":18,"column":3}},"line":16},"2":{"name":"(anonymous_2)","decl":{"start":{"line":21,"column":1},"end":{"line":21,"column":2}},"loc":{"start":{"line":21,"column":24},"end":{"line":23,"column":2}},"line":21},"3":{"name":"(anonymous_3)","decl":{"start":{"line":25,"column":1},"end":{"line":25,"column":2}},"loc":{"start":{"line":25,"column":10},"end":{"line":33,"column":2}},"line":25},"4":{"name":"(anonymous_4)","decl":{"start":{"line":37,"column":24},"end":{"line":37,"column":25}},"loc":{"start":{"line":37,"column":34},"end":{"line":39,"column":1}},"line":37}},"branchMap":{},"s":{"0":5,"1":0,"2":0,"3":5,"4":5,"5":1,"6":6},"f":{"0":5,"1":0,"2":0,"3":5,"4":6},"b":{},"_coverageSchema":"332fd63041d2c1bcb487cc26dd0d5f7d97098a6c","hash":"d77b9cdbcb7eb82c6feedcd75a18ed29f510b7da"}
,"C:\\Users\\WallEBot\\Desktop\\Dev\\projects\\CryptoCurrencyTrader\\src\\components\\trade-form.js": {"path":"C:\\Users\\WallEBot\\Desktop\\Dev\\projects\\CryptoCurrencyTrader\\src\\components\\trade-form.js","statementMap":{"0":{"start":{"line":9,"column":2},"end":{"line":9,"column":15}},"1":{"start":{"line":11,"column":2},"end":{"line":13,"column":3}},"2":{"start":{"line":17,"column":2},"end":{"line":19,"column":4}},"3":{"start":{"line":23,"column":2},"end":{"line":23,"column":21}},"4":{"start":{"line":24,"column":16},"end":{"line":24,"column":36}},"5":{"start":{"line":25,"column":15},"end":{"line":25,"column":47}},"6":{"start":{"line":26,"column":2},"end":{"line":35,"column":3}},"7":{"start":{"line":31,"column":3},"end":{"line":33,"column":5}},"8":{"start":{"line":34,"column":3},"end":{"line":34,"column":49}},"9":{"start":{"line":39,"column":15},"end":{"line":39,"column":30}},"10":{"start":{"line":40,"column":16},"end":{"line":40,"column":32}},"11":{"start":{"line":41,"column":16},"end":{"line":43,"column":42}},"12":{"start":{"line":44,"column":18},"end":{"line":46,"column":11}},"13":{"start":{"line":48,"column":2},"end":{"line":90,"column":4}},"14":{"start":{"line":49,"column":54},"end":{"line":49,"column":79}},"15":{"start":{"line":64,"column":23},"end":{"line":64,"column":61}},"16":{"start":{"line":94,"column":24},"end":{"line":97,"column":2}},"17":{"start":{"line":94,"column":34},"end":{"line":97,"column":1}}},"fnMap":{"0":{"name":"(anonymous_0)","decl":{"start":{"line":8,"column":1},"end":{"line":8,"column":2}},"loc":{"start":{"line":8,"column":20},"end":{"line":14,"column":2}},"line":8},"1":{"name":"(anonymous_1)","decl":{"start":{"line":16,"column":1},"end":{"line":16,"column":2}},"loc":{"start":{"line":16,"column":24},"end":{"line":20,"column":2}},"line":16},"2":{"name":"(anonymous_2)","decl":{"start":{"line":22,"column":1},"end":{"line":22,"column":2}},"loc":{"start":{"line":22,"column":22},"end":{"line":36,"column":2}},"line":22},"3":{"name":"(anonymous_3)","decl":{"start":{"line":38,"column":1},"end":{"line":38,"column":2}},"loc":{"start":{"line":38,"column":10},"end":{"line":91,"column":2}},"line":38},"4":{"name":"(anonymous_4)","decl":{"start":{"line":49,"column":47},"end":{"line":49,"column":48}},"loc":{"start":{"line":49,"column":54},"end":{"line":49,"column":79}},"line":49},"5":{"name":"(anonymous_5)","decl":{"start":{"line":64,"column":16},"end":{"line":64,"column":17}},"loc":{"start":{"line":64,"column":23},"end":{"line":64,"column":61}},"line":64},"6":{"name":"(anonymous_6)","decl":{"start":{"line":94,"column":24},"end":{"line":94,"column":25}},"loc":{"start":{"line":94,"column":34},"end":{"line":97,"column":1}},"line":94}},"branchMap":{"0":{"loc":{"start":{"line":26,"column":2},"end":{"line":35,"column":3}},"type":"if","locations":[{"start":{"line":26,"column":2},"end":{"line":35,"column":3}},{"start":{"line":26,"column":2},"end":{"line":35,"column":3}}],"line":26},"1":{"loc":{"start":{"line":26,"column":6},"end":{"line":30,"column":35}},"type":"binary-expr","locations":[{"start":{"line":26,"column":6},"end":{"line":26,"column":44}},{"start":{"line":27,"column":6},"end":{"line":27,"column":35}},{"start":{"line":28,"column":6},"end":{"line":28,"column":19}},{"start":{"line":29,"column":6},"end":{"line":29,"column":18}},{"start":{"line":30,"column":6},"end":{"line":30,"column":35}}],"line":26},"2":{"loc":{"start":{"line":41,"column":16},"end":{"line":43,"column":42}},"type":"cond-expr","locations":[{"start":{"line":42,"column":7},"end":{"line":42,"column":9}},{"start":{"line":43,"column":7},"end":{"line":43,"column":42}}],"line":41},"3":{"loc":{"start":{"line":41,"column":16},"end":{"line":41,"column":59}},"type":"binary-expr","locations":[{"start":{"line":41,"column":16},"end":{"line":41,"column":28}},{"start":{"line":41,"column":32},"end":{"line":41,"column":44}},{"start":{"line":41,"column":48},"end":{"line":41,"column":59}}],"line":41},"4":{"loc":{"start":{"line":44,"column":18},"end":{"line":46,"column":11}},"type":"cond-expr","locations":[{"start":{"line":45,"column":9},"end":{"line":45,"column":58}},{"start":{"line":46,"column":9},"end":{"line":46,"column":11}}],"line":44}},"s":{"0":8,"1":8,"2":0,"3":0,"4":0,"5":0,"6":0,"7":0,"8":0,"9":8,"10":8,"11":8,"12":8,"13":8,"14":0,"15":0,"16":2,"17":9},"f":{"0":8,"1":0,"2":0,"3":8,"4":0,"5":0,"6":9},"b":{"0":[0,0],"1":[0,0,0,0,0],"2":[8,0],"3":[8,0,0],"4":[5,3]},"_coverageSchema":"332fd63041d2c1bcb487cc26dd0d5f7d97098a6c","hash":"07a38577f127a11c2fdf2d2a362c37946da1ac6a"}
,"C:\\Users\\WallEBot\\Desktop\\Dev\\projects\\CryptoCurrencyTrader\\src\\reducers\\index.js": {"path":"C:\\Users\\WallEBot\\Desktop\\Dev\\projects\\CryptoCurrencyTrader\\src\\reducers\\index.js","statementMap":{"0":{"start":{"line":3,"column":21},"end":{"line":10,"column":1}},"1":{"start":{"line":13,"column":1},"end":{"line":33,"column":2}},"2":{"start":{"line":15,"column":3},"end":{"line":17,"column":6}},"3":{"start":{"line":19,"column":3},"end":{"line":21,"column":6}},"4":{"start":{"line":23,"column":25},"end":{"line":23,"column":74}},"5":{"start":{"line":24,"column":25},"end":{"line":24,"column":75}},"6":{"start":{"line":25,"column":3},"end":{"line":30,"column":5}},"7":{"start":{"line":32,"column":3},"end":{"line":32,"column":16}}},"fnMap":{"0":{"name":"cryptoCurrencyTraderReducer","decl":{"start":{"line":12,"column":16},"end":{"line":12,"column":43}},"loc":{"start":{"line":12,"column":74},"end":{"line":34,"column":1}},"line":12}},"branchMap":{"0":{"loc":{"start":{"line":12,"column":44},"end":{"line":12,"column":64}},"type":"default-arg","locations":[{"start":{"line":12,"column":52},"end":{"line":12,"column":64}}],"line":12},"1":{"loc":{"start":{"line":13,"column":1},"end":{"line":33,"column":2}},"type":"switch","locations":[{"start":{"line":14,"column":2},"end":{"line":17,"column":6}},{"start":{"line":18,"column":2},"end":{"line":21,"column":6}},{"start":{"line":22,"column":2},"end":{"line":30,"column":5}},{"start":{"line":31,"column":2},"end":{"line":32,"column":16}}],"line":13}},"s":{"0":3,"1":1,"2":0,"3":0,"4":1,"5":1,"6":1,"7":0},"f":{"0":1},"b":{"0":[0],"1":[0,0,1,0]},"_coverageSchema":"332fd63041d2c1bcb487cc26dd0d5f7d97098a6c","hash":"03ba14faa1469f296fd471eafa3095c12e3c7339"}
}
