TN:
SF:C:\Users\WallEBot\Desktop\Dev\projects\CryptoCurrencyTrader\__test__\setupTests.js
FNF:0
FNH:0
DA:4,3
LF:1
LH:1
BRF:0
BRH:0
end_of_record
TN:
SF:C:\Users\WallEBot\Desktop\Dev\projects\CryptoCurrencyTrader\src\actions\index.js
FN:2,(anonymous_0)
FN:9,(anonymous_1)
FN:15,(anonymous_2)
FN:20,(anonymous_3)
FN:20,(anonymous_4)
FN:24,(anonymous_5)
FN:27,(anonymous_6)
FN:34,(anonymous_7)
FNF:8
FNH:1
FNDA:2,(anonymous_0)
FNDA:0,(anonymous_1)
FNDA:0,(anonymous_2)
FNDA:0,(anonymous_3)
FNDA:0,(anonymous_4)
FNDA:0,(anonymous_5)
FNDA:0,(anonymous_6)
FNDA:0,(anonymous_7)
DA:1,3
DA:2,3
DA:8,3
DA:9,3
DA:14,3
DA:15,3
DA:20,3
DA:21,0
DA:25,0
DA:28,0
DA:29,0
DA:31,0
DA:35,0
LF:13
LH:7
BRDA:28,0,0,0
BRDA:28,0,1,0
BRF:2
BRH:0
end_of_record
TN:
SF:C:\Users\WallEBot\Desktop\Dev\projects\CryptoCurrencyTrader\src\components\account-balance.js
FN:9,(anonymous_0)
FN:12,(anonymous_1)
FN:36,(anonymous_2)
FNF:3
FNH:3
FNDA:11,(anonymous_0)
FNDA:22,(anonymous_1)
FNDA:12,(anonymous_2)
DA:10,11
DA:12,11
DA:13,22
DA:14,22
DA:15,0
DA:17,22
DA:25,11
DA:36,12
LF:8
LH:7
BRDA:14,0,0,0
BRDA:14,0,1,22
BRF:2
BRH:1
end_of_record
TN:
SF:C:\Users\WallEBot\Desktop\Dev\projects\CryptoCurrencyTrader\src\components\crypto-currency-trader.js
FN:11,(anonymous_0)
FN:16,(anonymous_1)
FN:21,(anonymous_2)
FN:25,(anonymous_3)
FN:37,(anonymous_4)
FNF:5
FNH:3
FNDA:5,(anonymous_0)
FNDA:0,(anonymous_1)
FNDA:0,(anonymous_2)
FNDA:5,(anonymous_3)
FNDA:6,(anonymous_4)
DA:16,5
DA:17,0
DA:22,0
DA:26,5
DA:27,5
DA:37,6
LF:6
LH:4
BRF:0
BRH:0
end_of_record
TN:
SF:C:\Users\WallEBot\Desktop\Dev\projects\CryptoCurrencyTrader\src\components\trade-form.js
FN:8,(anonymous_0)
FN:16,(anonymous_1)
FN:22,(anonymous_2)
FN:38,(anonymous_3)
FN:49,(anonymous_4)
FN:64,(anonymous_5)
FN:94,(anonymous_6)
FNF:7
FNH:3
FNDA:8,(anonymous_0)
FNDA:0,(anonymous_1)
FNDA:0,(anonymous_2)
FNDA:8,(anonymous_3)
FNDA:0,(anonymous_4)
FNDA:0,(anonymous_5)
FNDA:9,(anonymous_6)
DA:9,8
DA:11,8
DA:17,0
DA:23,0
DA:24,0
DA:25,0
DA:26,0
DA:31,0
DA:34,0
DA:39,8
DA:40,8
DA:41,8
DA:44,8
DA:48,8
DA:49,0
DA:64,0
DA:94,9
LF:17
LH:8
BRDA:26,0,0,0
BRDA:26,0,1,0
BRDA:26,1,0,0
BRDA:26,1,1,0
BRDA:26,1,2,0
BRDA:26,1,3,0
BRDA:26,1,4,0
BRDA:41,2,0,8
BRDA:41,2,1,0
BRDA:41,3,0,8
BRDA:41,3,1,0
BRDA:41,3,2,0
BRDA:44,4,0,5
BRDA:44,4,1,3
BRF:14
BRH:4
end_of_record
TN:
SF:C:\Users\WallEBot\Desktop\Dev\projects\CryptoCurrencyTrader\src\reducers\index.js
FN:12,cryptoCurrencyTraderReducer
FNF:1
FNH:1
FNDA:1,cryptoCurrencyTraderReducer
DA:3,3
DA:13,1
DA:15,0
DA:19,0
DA:23,1
DA:24,1
DA:25,1
DA:32,0
LF:8
LH:5
BRDA:12,0,0,0
BRDA:13,1,0,0
BRDA:13,1,1,0
BRDA:13,1,2,1
BRDA:13,1,3,0
BRF:5
BRH:1
end_of_record
